<?xml version="1.0" encoding="UTF-8"?>
<!-- Generated by org.testng.reporters.JUnitReportReporter -->
<testsuite hostname="RAJESH-PC" name="TestReport.Report.Report1" tests="2" failures="0" timestamp="11 Dec 2017 11:08:58 GMT" time="0.793" errors="0">
  <testcase name="clas1" time="0.676" classname="TestReport.Report.Report1"/>
  <testcase name="clas3" time="0.117" classname="TestReport.Report.Report1"/>
</testsuite> <!-- TestReport.Report.Report1 -->
