<?xml version="1.0" encoding="UTF-8"?>
<!-- Generated by org.testng.reporters.JUnitReportReporter -->
<testsuite hostname="RAJESH-PC" name="TestReport.Report.Report2" tests="1" failures="0" timestamp="11 Dec 2017 11:06:03 GMT" time="0.098" errors="0">
  <testcase name="clas2" time="0.098" classname="TestReport.Report.Report2"/>
</testsuite> <!-- TestReport.Report.Report2 -->
